<?xml version="1.0" encoding="UTF-8"?>
<!-- Generated by org.testng.reporters.JUnitXMLReporter -->
<testsuite hostname="G10CHLT003" name="ARCRegressionTest-Building-Other" tests="27" failures="2" timestamp="6 Dec 2017 07:58:40 GMT" time="874.547" errors="0">
  <testcase name="loginCase" time="41.325" classname="com.arc.testcases.MyBuildings.Other.LoginCaseTest"/>
  <testcase name="addNewProject" time="69.479" classname="com.arc.testcases.MyBuildings.Other.AddNewProjectTest"/>
  <testcase name="clickSearchedProgram" time="99.122" classname="com.arc.testcases.MyBuildings.Other.ClickSearchedProgramTest">
    <failure type="java.lang.Error" message="Element is not currently visible and so may not be interacted with
Command duration or timeout: 60.02 seconds
Build info: version: &amp;apos;2.53.1&amp;apos;, revision: &amp;apos;a36b8b1cd5757287168e54b817830adce9b0158d&amp;apos;, time: &amp;apos;2016-06-30 19:26:09&amp;apos;
System info: host: &amp;apos;G10CHLT003&amp;apos;, ip: &amp;apos;10.124.67.67&amp;apos;, os.name: &amp;apos;Windows 7&amp;apos;, os.arch: &amp;apos;amd64&amp;apos;, os.version: &amp;apos;6.1&amp;apos;, java.version: &amp;apos;1.7.0_80&amp;apos;
Session ID: 9fe5b210-3ada-4954-8afd-dcf0f35a16f2
Driver info: org.openqa.selenium.firefox.FirefoxDriver
Capabilities [{platform=WINDOWS, acceptSslCerts=true, javascriptEnabled=true, cssSelectorsEnabled=true, databaseEnabled=true, browserName=firefox, handlesAlerts=true, nativeEvents=false, webStorageEnabled=true, rotatable=false, locationContextEnabled=true, applicationCacheEnabled=true, takesScreenshot=true, version=46.0}]">
      <![CDATA[java.lang.Error: Element is not currently visible and so may not be interacted with
Command duration or timeout: 60.02 seconds
Build info: version: '2.53.1', revision: 'a36b8b1cd5757287168e54b817830adce9b0158d', time: '2016-06-30 19:26:09'
System info: host: 'G10CHLT003', ip: '10.124.67.67', os.name: 'Windows 7', os.arch: 'amd64', os.version: '6.1', java.version: '1.7.0_80'
Session ID: 9fe5b210-3ada-4954-8afd-dcf0f35a16f2
Driver info: org.openqa.selenium.firefox.FirefoxDriver
Capabilities [{platform=WINDOWS, acceptSslCerts=true, javascriptEnabled=true, cssSelectorsEnabled=true, databaseEnabled=true, browserName=firefox, handlesAlerts=true, nativeEvents=false, webStorageEnabled=true, rotatable=false, locationContextEnabled=true, applicationCacheEnabled=true, takesScreenshot=true, version=46.0}]
	at org.openqa.selenium.remote.ErrorHandler.createThrowable(ErrorHandler.java:206)
	at org.openqa.selenium.remote.ErrorHandler.throwIfResponseFailed(ErrorHandler.java:158)
	at org.openqa.selenium.remote.RemoteWebDriver.execute(RemoteWebDriver.java:678)
	at org.openqa.selenium.remote.RemoteWebElement.execute(RemoteWebElement.java:327)
	at org.openqa.selenium.remote.RemoteWebElement.click(RemoteWebElement.java:85)
	at com.arc.driver.CommonMethod.click(CommonMethod.java:176)
	at com.arc.ReusableMethods.ReusableMethodsSearch.VerifySearchedProgram(ReusableMethodsSearch.java:49)
	at com.arc.testcases.MyBuildings.Other.ClickSearchedProgramTest.clickSearchedProgram(ClickSearchedProgramTest.java:27)
... Removed 36 stack frames]]>
    </failure>
  </testcase> <!-- clickSearchedProgram -->
  <testcase name="paymentbyCC" time="0.0" classname="com.arc.testcases.MyBuildings.Other.PaymentbyCCTest">
    <skipped/>
  </testcase> <!-- paymentbyCC -->
  <testcase name="energyMeterCreate" time="106.647" classname="com.arc.testcases.MyBuildings.Other.EnergyMeterCreateTest">
    <failure type="java.lang.Error" message="Element is not currently visible and so may not be interacted with
Command duration or timeout: 60.06 seconds
Build info: version: &amp;apos;2.53.1&amp;apos;, revision: &amp;apos;a36b8b1cd5757287168e54b817830adce9b0158d&amp;apos;, time: &amp;apos;2016-06-30 19:26:09&amp;apos;
System info: host: &amp;apos;G10CHLT003&amp;apos;, ip: &amp;apos;10.124.67.67&amp;apos;, os.name: &amp;apos;Windows 7&amp;apos;, os.arch: &amp;apos;amd64&amp;apos;, os.version: &amp;apos;6.1&amp;apos;, java.version: &amp;apos;1.7.0_80&amp;apos;
Session ID: 8c8b183c-13d8-41cd-8cfa-1f4d5e901b40
Driver info: org.openqa.selenium.firefox.FirefoxDriver
Capabilities [{platform=WINDOWS, acceptSslCerts=true, javascriptEnabled=true, cssSelectorsEnabled=true, databaseEnabled=true, browserName=firefox, handlesAlerts=true, nativeEvents=false, webStorageEnabled=true, rotatable=false, locationContextEnabled=true, applicationCacheEnabled=true, takesScreenshot=true, version=46.0}]">
      <![CDATA[java.lang.Error: Element is not currently visible and so may not be interacted with
Command duration or timeout: 60.06 seconds
Build info: version: '2.53.1', revision: 'a36b8b1cd5757287168e54b817830adce9b0158d', time: '2016-06-30 19:26:09'
System info: host: 'G10CHLT003', ip: '10.124.67.67', os.name: 'Windows 7', os.arch: 'amd64', os.version: '6.1', java.version: '1.7.0_80'
Session ID: 8c8b183c-13d8-41cd-8cfa-1f4d5e901b40
Driver info: org.openqa.selenium.firefox.FirefoxDriver
Capabilities [{platform=WINDOWS, acceptSslCerts=true, javascriptEnabled=true, cssSelectorsEnabled=true, databaseEnabled=true, browserName=firefox, handlesAlerts=true, nativeEvents=false, webStorageEnabled=true, rotatable=false, locationContextEnabled=true, applicationCacheEnabled=true, takesScreenshot=true, version=46.0}]
	at org.openqa.selenium.remote.ErrorHandler.createThrowable(ErrorHandler.java:206)
	at org.openqa.selenium.remote.ErrorHandler.throwIfResponseFailed(ErrorHandler.java:158)
	at org.openqa.selenium.remote.RemoteWebDriver.execute(RemoteWebDriver.java:678)
	at org.openqa.selenium.remote.RemoteWebElement.execute(RemoteWebElement.java:327)
	at org.openqa.selenium.remote.RemoteWebElement.click(RemoteWebElement.java:85)
	at com.arc.driver.CommonMethod.click(CommonMethod.java:176)
	at com.arc.ReusableMethods.ReusableMethodsSearch.VerifySearchedProgram(ReusableMethodsSearch.java:49)
	at com.arc.testcases.MyBuildings.Other.EnergyMeterCreateTest.energyMeterCreate(EnergyMeterCreateTest.java:31)
... Removed 36 stack frames]]>
    </failure>
  </testcase> <!-- energyMeterCreate -->
  <testcase name="waterMeterCreate" time="0.0" classname="com.arc.testcases.MyBuildings.Other.WaterMeterCreateTest">
    <skipped/>
  </testcase> <!-- waterMeterCreate -->
  <testcase name="wasteMeterCreate" time="0.0" classname="com.arc.testcases.MyBuildings.Other.WasteMeterCreateTest">
    <skipped/>
  </testcase> <!-- wasteMeterCreate -->
  <testcase name="energyFileUpload" time="0.0" classname="com.arc.testcases.MyBuildings.Other.EnergyFileUploadTest">
    <skipped/>
  </testcase> <!-- energyFileUpload -->
  <testcase name="waterFileUpload" time="0.0" classname="com.arc.testcases.MyBuildings.Other.WaterFileUploadTest">
    <skipped/>
  </testcase> <!-- waterFileUpload -->
  <testcase name="energyMeterCreate" time="0.0" classname="com.arc.testcases.MyBuildings.Other.InternationalLanguagesSpecaialCharacterMeterCreateTest">
    <skipped/>
  </testcase> <!-- energyMeterCreate -->
  <testcase name="energyFileUpload" time="0.0" classname="com.arc.testcases.MyBuildings.Other.ETotalAnalyticsTooltipTest">
    <skipped/>
  </testcase> <!-- energyFileUpload -->
  <testcase name="projectFieldVerification" time="0.0" classname="com.arc.testcases.MyBuildings.Other.ProjectFieldVerificationTest">
    <skipped/>
  </testcase> <!-- projectFieldVerification -->
  <testcase name="modifyProjectDetails" time="0.0" classname="com.arc.testcases.MyBuildings.Other.ModifyOccOptHrsProjectDetailsTest">
    <skipped/>
  </testcase> <!-- modifyProjectDetails -->
  <testcase name="projectDetailsVerification" time="0.0" classname="com.arc.testcases.MyBuildings.Other.ProjectDetailsVerificationTest">
    <skipped/>
  </testcase> <!-- projectDetailsVerification -->
  <testcase name="addTeamMember" time="0.0" classname="com.arc.testcases.MyBuildings.Other.AddTeamMemberTest">
    <skipped/>
  </testcase> <!-- addTeamMember -->
  <testcase name="editMemberRoleManager" time="0.0" classname="com.arc.testcases.MyBuildings.Other.EditMemberRoleManagerTest">
    <skipped/>
  </testcase> <!-- editMemberRoleManager -->
  <testcase name="VerifyPRFileDownload" time="0.0" classname="com.arc.testcases.MyBuildings.Other.VerifyPRFileDownloadTest">
    <skipped/>
  </testcase> <!-- VerifyPRFileDownload -->
  <testcase name="verifyAgreementFileDownload" time="0.0" classname="com.arc.testcases.MyBuildings.Other.VerifyAgreementFileDownloadTest">
    <skipped/>
  </testcase> <!-- verifyAgreementFileDownload -->
  <testcase name="installAllApps" time="0.0" classname="com.arc.testcases.MyBuildings.Other.InstallAllAppsTest">
    <skipped/>
  </testcase> <!-- installAllApps -->
  <testcase name="UnistallAllApps" time="0.0" classname="com.arc.testcases.MyBuildings.Other.UnistallAllAppsTest">
    <skipped/>
  </testcase> <!-- UnistallAllApps -->
  <testcase name="billingDateVerification" time="0.0" classname="com.arc.testcases.MyBuildings.Other.BillingDateVerificationTest">
    <skipped/>
  </testcase> <!-- billingDateVerification -->
  <testcase name="billingRegistrationAmountVerification" time="0.0" classname="com.arc.testcases.MyBuildings.Other.BillingRegistrationAmountVerificationTest">
    <skipped/>
  </testcase> <!-- billingRegistrationAmountVerification -->
  <testcase name="energyTotalAnalytics" time="0.0" classname="com.arc.testcases.MyBuildings.Other.ETotalAnalyticsTest">
    <skipped/>
  </testcase> <!-- energyTotalAnalytics -->
  <testcase name="carbonTotal" time="0.0" classname="com.arc.testcases.MyBuildings.Other.CTotalAnalyticsTest">
    <skipped/>
  </testcase> <!-- carbonTotal -->
  <testcase name="verifyWDailiyMTCO2" time="0.0" classname="com.arc.testcases.MyBuildings.Other.WTotalAnalyticsTest">
    <skipped/>
  </testcase> <!-- verifyWDailiyMTCO2 -->
  <testcase name="billingStatusVerification" time="0.0" classname="com.arc.testcases.MyBuildings.Other.BillingStatusVerificationTest">
    <skipped/>
  </testcase> <!-- billingStatusVerification -->
  <testcase name="performanceScoreVerification" time="0.0" classname="com.arc.testcases.MyBuildings.Other.PerformanceScoreVerificationReviewTest">
    <skipped/>
  </testcase> <!-- performanceScoreVerification -->
</testsuite> <!-- ARCRegressionTest-Building-Other -->
