<?xml version="1.0" encoding="UTF-8"?>
<!-- Generated by org.testng.reporters.JUnitReportReporter -->
<testsuite hostname="G10GNLT049" name="com.arc.testcases.MyCommunities.LEEDforCommunities.TrasnsportionCreateMeterTest" tests="1" failures="0" timestamp="26 Nov 2017 11:15:33 GMT" time="0.000" errors="1">
  <testcase name="transprotionMeterCreate" time="0.000" classname="com.arc.testcases.MyCommunities.LEEDforCommunities.TrasnsportionCreateMeterTest">
    <error type="org.testng.TestNGException" message="
Parameter &#039;citySheet&#039; is required by @Test on method transprotionMeterCreate but has not been marked @Optional or defined
in C:\Users\Lenovo\Documents\Abhishek\ARCProject\src\main\resources\TestNg-Community.xml">
      <![CDATA[org.testng.TestNGException: 
Parameter 'citySheet' is required by @Test on method transprotionMeterCreate but has not been marked @Optional or defined
in C:\Users\Lenovo\Documents\Abhishek\ARCProject\src\main\resources\TestNg-Community.xml
	at org.testng.internal.Parameters.createParameters(Parameters.java:154)
	at org.testng.internal.Parameters.createParameters(Parameters.java:361)
	at org.testng.internal.Parameters.handleParameters(Parameters.java:451)
	at org.testng.internal.Invoker.handleParameters(Invoker.java:1270)
	at org.testng.internal.Invoker.createParameters(Invoker.java:985)
	at org.testng.internal.Invoker.invokeTestMethods(Invoker.java:1075)
	at org.testng.internal.TestMethodWorker.invokeTestMethods(TestMethodWorker.java:125)
	at org.testng.internal.TestMethodWorker.run(TestMethodWorker.java:108)
	at org.testng.TestRunner.privateRun(TestRunner.java:774)
	at org.testng.TestRunner.run(TestRunner.java:624)
	at org.testng.SuiteRunner.runTest(SuiteRunner.java:359)
	at org.testng.SuiteRunner.runSequentially(SuiteRunner.java:354)
	at org.testng.SuiteRunner.privateRun(SuiteRunner.java:312)
	at org.testng.SuiteRunner.run(SuiteRunner.java:261)
	at org.testng.SuiteRunnerWorker.runSuite(SuiteRunnerWorker.java:52)
	at org.testng.SuiteRunnerWorker.run(SuiteRunnerWorker.java:86)
	at org.testng.TestNG.runSuitesSequentially(TestNG.java:1191)
	at org.testng.TestNG.runSuitesLocally(TestNG.java:1116)
	at org.testng.TestNG.run(TestNG.java:1024)
	at org.testng.remote.AbstractRemoteTestNG.run(AbstractRemoteTestNG.java:132)
	at org.testng.remote.RemoteTestNG.initAndRun(RemoteTestNG.java:230)
	at org.testng.remote.RemoteTestNG.main(RemoteTestNG.java:76)
]]>
    </error>
  </testcase> <!-- transprotionMeterCreate -->
</testsuite> <!-- com.arc.testcases.MyCommunities.LEEDforCommunities.TrasnsportionCreateMeterTest -->
